INFO 2024-10-07 16:02:20,111 autoreload Watching for file changes with StatReloader
INFO 2024-10-07 16:02:28,127 autoreload Watching for file changes with StatReloader
INFO 2024-10-07 16:02:43,710 views Login attempt for username: aweawe@gmail.com
WARNING 2024-10-07 16:02:44,371 views Failed login attempt for username: aweawe@gmail.com
WARNING 2024-10-07 16:02:44,372 log Bad Request: /auth/login/
INFO 2024-10-07 16:24:25,123 autoreload C:\Users\ignat\Documents\GitHub\RealHome\user\views.py changed, reloading.
INFO 2024-10-07 16:24:25,712 autoreload Watching for file changes with StatReloader
INFO 2024-10-07 16:25:20,791 views Login attempt for username: aweawe@gmail.com
WARNING 2024-10-07 16:25:21,463 views Failed login attempt for username: aweawe@gmail.com
WARNING 2024-10-07 16:25:21,469 log Bad Request: /auth/login/
INFO 2024-10-07 16:41:41,971 autoreload C:\Users\ignat\Documents\GitHub\RealHome\RealHome\settings.py changed, reloading.
INFO 2024-10-07 16:41:42,590 autoreload Watching for file changes with StatReloader
INFO 2024-10-07 16:45:06,244 autoreload Watching for file changes with StatReloader
INFO 2024-10-07 16:45:20,192 views Login attempt for username: aweawe@gmail.com
INFO 2024-10-07 16:45:20,888 views Successful login for username: aweawe@gmail.com
WARNING 2024-10-07 16:45:20,915 log Not Found: /dashboard/
INFO 2024-10-07 16:45:46,429 autoreload C:\Users\ignat\Documents\GitHub\RealHome\user\views.py changed, reloading.
INFO 2024-10-07 16:45:47,061 autoreload Watching for file changes with StatReloader
INFO 2024-10-07 16:45:53,212 views Login attempt for username: aweawe@gmail.com
INFO 2024-10-07 16:45:53,876 views Successful login for username: aweawe@gmail.com
WARNING 2024-10-07 16:45:53,902 log Not Found: /auth/login/auth/dashboard/
INFO 2024-10-07 16:47:12,845 autoreload C:\Users\ignat\Documents\GitHub\RealHome\user\views.py changed, reloading.
INFO 2024-10-07 16:47:13,530 autoreload Watching for file changes with StatReloader
INFO 2024-10-07 16:47:19,003 views Login attempt for username: aweawe@gmail.com
INFO 2024-10-07 16:47:19,679 views Successful login for username: aweawe@gmail.com
WARNING 2024-10-07 16:47:19,704 log Not Found: /auth/login/auth/dashboard/
INFO 2024-10-07 16:47:33,240 views Login attempt for username: aweawe@gmail.com
INFO 2024-10-07 16:47:33,903 views Successful login for username: aweawe@gmail.com
WARNING 2024-10-07 16:47:33,927 log Not Found: /auth/login/auth/dashboard/
WARNING 2024-10-07 16:47:33,969 log Not Found: /favicon.ico
INFO 2024-10-07 16:48:57,156 autoreload C:\Users\ignat\Documents\GitHub\RealHome\user\views.py changed, reloading.
INFO 2024-10-07 16:48:57,749 autoreload Watching for file changes with StatReloader
INFO 2024-10-07 16:49:23,213 views Login attempt for username: aweawe@gmail.com
INFO 2024-10-07 16:49:23,888 views Successful login for username: aweawe@gmail.com
WARNING 2024-10-07 16:49:23,913 log Not Found: /dashboard/
WARNING 2024-10-07 16:49:23,954 log Not Found: /favicon.ico
INFO 2024-10-07 16:49:42,563 views Login attempt for username: aweawe@gmail.com
INFO 2024-10-07 16:49:43,268 views Successful login for username: aweawe@gmail.com
WARNING 2024-10-07 16:49:43,299 log Not Found: /dashboard/
INFO 2024-10-07 16:51:43,999 autoreload C:\Users\ignat\Documents\GitHub\RealHome\user\views.py changed, reloading.
INFO 2024-10-07 16:51:44,630 autoreload Watching for file changes with StatReloader
INFO 2024-10-07 16:52:11,044 autoreload C:\Users\ignat\Documents\GitHub\RealHome\main\urls.py changed, reloading.
INFO 2024-10-07 16:52:11,647 autoreload Watching for file changes with StatReloader
INFO 2024-10-07 16:52:38,313 views Login attempt for username: aweawe@gmail.com
INFO 2024-10-07 16:52:38,982 views Successful login for username: aweawe@gmail.com
ERROR 2024-10-07 16:52:39,073 log Internal Server Error: /auth/dashboard/
Traceback (most recent call last):
  File "C:\Users\ignat\.virtualenvs\RealHome-yIhiK8XI\Lib\site-packages\django\core\handlers\exception.py", line 55, in inner
    response = get_response(request)
               ^^^^^^^^^^^^^^^^^^^^^
  File "C:\Users\ignat\.virtualenvs\RealHome-yIhiK8XI\Lib\site-packages\django\core\handlers\base.py", line 197, in _get_response
    response = wrapped_callback(request, *callback_args, **callback_kwargs)
               ^^^^^^^^^^^^^^^^^^^^^^^^^^^^^^^^^^^^^^^^^^^^^^^^^^^^^^^^^^^^
  File "C:\Users\ignat\.virtualenvs\RealHome-yIhiK8XI\Lib\site-packages\django\contrib\auth\decorators.py", line 60, in _view_wrapper
    return view_func(request, *args, **kwargs)
           ^^^^^^^^^^^^^^^^^^^^^^^^^^^^^^^^^^^
  File "C:\Users\ignat\Documents\GitHub\RealHome\user\views.py", line 126, in dashboard
    'total_properties': Property.objects.filter(owner=user).count(),
                        ^^^^^^^^^^^^^^^^^^^^^^^^^^^^^^^^^^^
  File "C:\Users\ignat\.virtualenvs\RealHome-yIhiK8XI\Lib\site-packages\django\db\models\manager.py", line 87, in manager_method
    return getattr(self.get_queryset(), name)(*args, **kwargs)
           ^^^^^^^^^^^^^^^^^^^^^^^^^^^^^^^^^^^^^^^^^^^^^^^^^^^
  File "C:\Users\ignat\.virtualenvs\RealHome-yIhiK8XI\Lib\site-packages\django\db\models\query.py", line 1476, in filter
    return self._filter_or_exclude(False, args, kwargs)
           ^^^^^^^^^^^^^^^^^^^^^^^^^^^^^^^^^^^^^^^^^^^^
  File "C:\Users\ignat\.virtualenvs\RealHome-yIhiK8XI\Lib\site-packages\django\db\models\query.py", line 1494, in _filter_or_exclude
    clone._filter_or_exclude_inplace(negate, args, kwargs)
  File "C:\Users\ignat\.virtualenvs\RealHome-yIhiK8XI\Lib\site-packages\django\db\models\query.py", line 1501, in _filter_or_exclude_inplace
    self._query.add_q(Q(*args, **kwargs))
  File "C:\Users\ignat\.virtualenvs\RealHome-yIhiK8XI\Lib\site-packages\django\db\models\sql\query.py", line 1609, in add_q
    clause, _ = self._add_q(q_object, self.used_aliases)
                ^^^^^^^^^^^^^^^^^^^^^^^^^^^^^^^^^^^^^^^^
  File "C:\Users\ignat\.virtualenvs\RealHome-yIhiK8XI\Lib\site-packages\django\db\models\sql\query.py", line 1641, in _add_q
    child_clause, needed_inner = self.build_filter(
                                 ^^^^^^^^^^^^^^^^^^
  File "C:\Users\ignat\.virtualenvs\RealHome-yIhiK8XI\Lib\site-packages\django\db\models\sql\query.py", line 1491, in build_filter
    lookups, parts, reffed_expression = self.solve_lookup_type(arg, summarize)
                                        ^^^^^^^^^^^^^^^^^^^^^^^^^^^^^^^^^^^^^^
  File "C:\Users\ignat\.virtualenvs\RealHome-yIhiK8XI\Lib\site-packages\django\db\models\sql\query.py", line 1303, in solve_lookup_type
    _, field, _, lookup_parts = self.names_to_path(lookup_splitted, self.get_meta())
                                ^^^^^^^^^^^^^^^^^^^^^^^^^^^^^^^^^^^^^^^^^^^^^^^^^^^^
  File "C:\Users\ignat\.virtualenvs\RealHome-yIhiK8XI\Lib\site-packages\django\db\models\sql\query.py", line 1768, in names_to_path
    raise FieldError(
django.core.exceptions.FieldError: Cannot resolve keyword 'owner' into field. Choices are: address, bathrooms, bedrooms, city, id, image, lot_size, price, property_type, square_meters, state, year_built, zip_code
INFO 2024-10-07 16:57:14,950 autoreload C:\Users\ignat\Documents\GitHub\RealHome\user\views.py changed, reloading.
